<?xml version="1.0" encoding="UTF-8"?>
<!-- Generated by org.testng.reporters.JUnitReportReporter -->
<testsuite hostname="Diinesh" name="Login" tests="1" failures="0" timestamp="17 Aug 2017 14:26:32 GMT" time="100.963" errors="0">
  <testcase name="loginTest" time="100.963" classname="Login"/>
</testsuite> <!-- Login -->
