<?xml version="1.0" encoding="UTF-8"?>
<!-- Generated by org.testng.reporters.JUnitReportReporter -->
<testsuite hostname="Diinesh" name="FindAFlight" tests="1" failures="0" timestamp="17 Aug 2017 14:26:32 GMT" time="73.722" errors="0">
  <testcase name="findAFlightTest" time="73.722" classname="FindAFlight"/>
</testsuite> <!-- FindAFlight -->
